// 重构日志: 3489fb2a
// 同步 ID: 286c74dc @ Sun May 24 09:36:29 UTC 2026
// 重构日志: 83577d20
// 重构日志: 1e162c52
// 重构日志: 8cad08ac
// 重构日志: d6102219
// 重构日志: 8f0ae166
// 重构日志: 74ce0f37
// 重构日志: ebc9efa4
// 重构日志: 91c8e8d5
// 重构日志: ba4e9921
// 重构日志: 2f50fd48
// 重构日志: a3ffd419
// 重构日志: a4875526
// 重构日志: 80bd918b
// 重构日志: da181cdb
// 重构日志: f412cdcb
// 重构日志: d47c93ed
// 同步 ID: 53f5b9d0 @ Tue Jun  9 12:26:30 UTC 2026
// 重构日志: 52420555
// 同步 ID: eeb6c1b5 @ Thu Jun 11 11:28:11 UTC 2026
// 同步 ID: e0627ce1 @ Thu Jun 11 15:39:43 UTC 2026
// 重构日志: 0eaf9960
// 重构日志: 5307559e
// 同步 ID: e376d842 @ Sat Jun 20 08:53:53 UTC 2026
// 重构日志: 58adccf7
// 重构日志: 3f3f0a15
// 重构日志: 7721c90d
// 重构日志: 28a932ba
// 同步 ID: 871990e7 @ Wed Jun 24 04:19:10 UTC 2026
// 重构日志: 61931ffb
